2026-01-26 03:07:19,571 - __main__ - INFO - Starting Music Legends Bot...
2026-01-26 03:07:19,572 - __main__ - ERROR - BOT_TOKEN is required but not set
2026-01-26 03:07:29,749 - __main__ - INFO - Starting Music Legends Bot...
2026-01-26 03:07:36,258 - discord.client - WARNING - PyNaCl is not installed, voice will NOT be supported
2026-01-26 03:07:36,264 - discord.client - INFO - logging in using static token
2026-01-26 03:07:38,175 - discord.gateway - INFO - Shard ID None has connected to Gateway (Session ID: b0d1a520cc7522425eee9ab3c5213ce6).
2026-01-26 03:19:28,571 - asyncio - ERROR - Task exception was never retrieved
future: <Task finished name='Task-1' coro=<Client.run.<locals>.runner() done, defined at C:\Users\AbuBa\AppData\Local\Packages\PythonSoftwareFoundation.Python.3.10_qbz5n2kfra8p0\LocalCache\local-packages\Python310\site-packages\discord\client.py:916> exception=KeyboardInterrupt()>
Traceback (most recent call last):
  File "C:\Program Files\WindowsApps\PythonSoftwareFoundation.Python.3.10_3.10.3056.0_x64__qbz5n2kfra8p0\lib\asyncio\runners.py", line 44, in run
    return loop.run_until_complete(main)
  File "C:\Program Files\WindowsApps\PythonSoftwareFoundation.Python.3.10_3.10.3056.0_x64__qbz5n2kfra8p0\lib\asyncio\base_events.py", line 636, in run_until_complete
    self.run_forever()
  File "C:\Program Files\WindowsApps\PythonSoftwareFoundation.Python.3.10_3.10.3056.0_x64__qbz5n2kfra8p0\lib\asyncio\windows_events.py", line 321, in run_forever
    super().run_forever()
  File "C:\Program Files\WindowsApps\PythonSoftwareFoundation.Python.3.10_3.10.3056.0_x64__qbz5n2kfra8p0\lib\asyncio\base_events.py", line 603, in run_forever
    self._run_once()
  File "C:\Program Files\WindowsApps\PythonSoftwareFoundation.Python.3.10_3.10.3056.0_x64__qbz5n2kfra8p0\lib\asyncio\base_events.py", line 1871, in _run_once
    event_list = self._selector.select(timeout)
  File "C:\Program Files\WindowsApps\PythonSoftwareFoundation.Python.3.10_3.10.3056.0_x64__qbz5n2kfra8p0\lib\asyncio\windows_events.py", line 444, in select
    self._poll(timeout)
  File "C:\Program Files\WindowsApps\PythonSoftwareFoundation.Python.3.10_3.10.3056.0_x64__qbz5n2kfra8p0\lib\asyncio\windows_events.py", line 797, in _poll
    status = _overlapped.GetQueuedCompletionStatus(self._iocp, ms)
KeyboardInterrupt

During handling of the above exception, another exception occurred:

Traceback (most recent call last):
  File "C:\Users\AbuBa\AppData\Local\Packages\PythonSoftwareFoundation.Python.3.10_qbz5n2kfra8p0\LocalCache\local-packages\Python310\site-packages\discord\client.py", line 918, in runner
    await self.start(token, reconnect=reconnect)
  File "C:\Users\AbuBa\AppData\Local\Packages\PythonSoftwareFoundation.Python.3.10_qbz5n2kfra8p0\LocalCache\local-packages\Python310\site-packages\discord\client.py", line 847, in start
    await self.connect(reconnect=reconnect)
  File "C:\Users\AbuBa\AppData\Local\Packages\PythonSoftwareFoundation.Python.3.10_qbz5n2kfra8p0\LocalCache\local-packages\Python310\site-packages\discord\client.py", line 727, in connect
    await self.ws.poll_event()
  File "C:\Users\AbuBa\AppData\Local\Packages\PythonSoftwareFoundation.Python.3.10_qbz5n2kfra8p0\LocalCache\local-packages\Python310\site-packages\discord\gateway.py", line 636, in poll_event
    msg = await self.socket.receive(timeout=self._max_heartbeat_timeout)
  File "C:\Users\AbuBa\AppData\Local\Packages\PythonSoftwareFoundation.Python.3.10_qbz5n2kfra8p0\LocalCache\local-packages\Python310\site-packages\aiohttp\client_ws.py", line 244, in receive
    msg = await self._reader.read()
  File "C:\Users\AbuBa\AppData\Local\Packages\PythonSoftwareFoundation.Python.3.10_qbz5n2kfra8p0\LocalCache\local-packages\Python310\site-packages\aiohttp\streams.py", line 663, in read
    return await super().read()
  File "C:\Users\AbuBa\AppData\Local\Packages\PythonSoftwareFoundation.Python.3.10_qbz5n2kfra8p0\LocalCache\local-packages\Python310\site-packages\aiohttp\streams.py", line 622, in read
    await self._waiter
asyncio.exceptions.CancelledError

During handling of the above exception, another exception occurred:

Traceback (most recent call last):
  File "C:\Users\AbuBa\AppData\Local\Packages\PythonSoftwareFoundation.Python.3.10_qbz5n2kfra8p0\LocalCache\local-packages\Python310\site-packages\discord\client.py", line 929, in run
    asyncio.run(runner())
  File "C:\Program Files\WindowsApps\PythonSoftwareFoundation.Python.3.10_3.10.3056.0_x64__qbz5n2kfra8p0\lib\asyncio\runners.py", line 47, in run
    _cancel_all_tasks(loop)
  File "C:\Program Files\WindowsApps\PythonSoftwareFoundation.Python.3.10_3.10.3056.0_x64__qbz5n2kfra8p0\lib\asyncio\runners.py", line 63, in _cancel_all_tasks
    loop.run_until_complete(tasks.gather(*to_cancel, return_exceptions=True))
  File "C:\Program Files\WindowsApps\PythonSoftwareFoundation.Python.3.10_3.10.3056.0_x64__qbz5n2kfra8p0\lib\asyncio\base_events.py", line 636, in run_until_complete
    self.run_forever()
  File "C:\Program Files\WindowsApps\PythonSoftwareFoundation.Python.3.10_3.10.3056.0_x64__qbz5n2kfra8p0\lib\asyncio\windows_events.py", line 321, in run_forever
    super().run_forever()
  File "C:\Program Files\WindowsApps\PythonSoftwareFoundation.Python.3.10_3.10.3056.0_x64__qbz5n2kfra8p0\lib\asyncio\base_events.py", line 603, in run_forever
    self._run_once()
  File "C:\Program Files\WindowsApps\PythonSoftwareFoundation.Python.3.10_3.10.3056.0_x64__qbz5n2kfra8p0\lib\asyncio\base_events.py", line 1909, in _run_once
    handle._run()
  File "C:\Program Files\WindowsApps\PythonSoftwareFoundation.Python.3.10_3.10.3056.0_x64__qbz5n2kfra8p0\lib\asyncio\events.py", line 80, in _run
    self._context.run(self._callback, *self._args)
  File "C:\Users\AbuBa\AppData\Local\Packages\PythonSoftwareFoundation.Python.3.10_qbz5n2kfra8p0\LocalCache\local-packages\Python310\site-packages\discord\client.py", line 917, in runner
    async with self:
  File "C:\Users\AbuBa\AppData\Local\Packages\PythonSoftwareFoundation.Python.3.10_qbz5n2kfra8p0\LocalCache\local-packages\Python310\site-packages\discord\client.py", line 357, in __aexit__
    await self.close()
  File "C:\Users\AbuBa\Downloads\discordpy-v2-bot-template-main\discordpy-v2-bot-template-main\main.py", line 123, in close
    from db_manager import db_manager
  File "C:\Users\AbuBa\Downloads\discordpy-v2-bot-template-main\discordpy-v2-bot-template-main\db_manager.py", line 2, in <module>
    from sqlalchemy.ext.asyncio import create_async_engine, async_sessionmaker, AsyncSession
  File "C:\Users\AbuBa\AppData\Local\Packages\PythonSoftwareFoundation.Python.3.10_qbz5n2kfra8p0\LocalCache\local-packages\Python310\site-packages\sqlalchemy\ext\asyncio\__init__.py", line 18, in <module>
    from .scoping import async_scoped_session as async_scoped_session
  File "C:\Users\AbuBa\AppData\Local\Packages\PythonSoftwareFoundation.Python.3.10_qbz5n2kfra8p0\LocalCache\local-packages\Python310\site-packages\sqlalchemy\ext\asyncio\scoping.py", line 24, in <module>
    from .session import _AS
  File "C:\Users\AbuBa\AppData\Local\Packages\PythonSoftwareFoundation.Python.3.10_qbz5n2kfra8p0\LocalCache\local-packages\Python310\site-packages\sqlalchemy\ext\asyncio\session.py", line 35, in <module>
    from ...orm import close_all_sessions as _sync_close_all_sessions
  File "C:\Users\AbuBa\AppData\Local\Packages\PythonSoftwareFoundation.Python.3.10_qbz5n2kfra8p0\LocalCache\local-packages\Python310\site-packages\sqlalchemy\orm\__init__.py", line 57, in <module>
    from .decl_api import add_mapped_attribute as add_mapped_attribute
  File "C:\Users\AbuBa\AppData\Local\Packages\PythonSoftwareFoundation.Python.3.10_qbz5n2kfra8p0\LocalCache\local-packages\Python310\site-packages\sqlalchemy\orm\decl_api.py", line 36, in <module>
    from . import clsregistry
  File "<frozen importlib._bootstrap>", line 1027, in _find_and_load
  File "<frozen importlib._bootstrap>", line 1006, in _find_and_load_unlocked
  File "<frozen importlib._bootstrap>", line 688, in _load_unlocked
  File "<frozen importlib._bootstrap_external>", line 879, in exec_module
  File "<frozen importlib._bootstrap_external>", line 975, in get_code
  File "<frozen importlib._bootstrap_external>", line 1074, in get_data
KeyboardInterrupt
2026-01-26 03:19:42,319 - __main__ - INFO - Starting Music Legends Bot...
2026-01-26 03:19:42,958 - discord.client - WARNING - PyNaCl is not installed, voice will NOT be supported
2026-01-26 03:19:42,961 - discord.client - INFO - logging in using static token
2026-01-26 03:19:44,150 - discord.gateway - INFO - Shard ID None has connected to Gateway (Session ID: 1b67c88c3b93e57730dd8a271e3f9e37).
2026-01-26 03:45:32,222 - __main__ - INFO - Starting Music Legends Bot...
2026-01-26 03:45:35,380 - discord.client - WARNING - PyNaCl is not installed, voice will NOT be supported
2026-01-26 03:45:35,389 - discord.client - INFO - logging in using static token
2026-01-26 03:45:37,022 - discord.gateway - INFO - Shard ID None has connected to Gateway (Session ID: d0f36f2dbd4e7a3316921627045aa769).
2026-02-02 16:24:54,384 - __main__ - ERROR - Bot crashed: 'charmap' codec can't encode character '\U0001f433' in position 0: character maps to <undefined>
2026-02-02 16:25:22,302 - __main__ - INFO - Starting Music Legends Bot...
2026-02-02 16:25:28,067 - discord.client - WARNING - PyNaCl is not installed, voice will NOT be supported
2026-02-02 16:25:28,078 - discord.client - INFO - logging in using static token
2026-02-02 16:25:35,284 - services.backup_service - INFO - üóÑÔ∏è PostgreSQL detected - using pg_dump for backups
2026-02-02 16:25:39,471 - discord.gateway - INFO - Shard ID None has connected to Gateway (Session ID: 664770806fb93437d27da8aeaac46263).
2026-02-02 16:30:39,301 - services.backup_service - ERROR - pg_dump not found. Install PostgreSQL client tools.
2026-02-02 16:50:39,409 - services.backup_service - ERROR - pg_dump not found. Install PostgreSQL client tools.
2026-02-02 17:10:39,516 - services.backup_service - ERROR - pg_dump not found. Install PostgreSQL client tools.
2026-02-02 17:30:39,611 - services.backup_service - ERROR - pg_dump not found. Install PostgreSQL client tools.
2026-02-02 17:37:04,419 - discord.webhook.async_ - WARNING - Webhook ID 1468057666512486484 is rate limited. Retrying in 0.30 seconds.
2026-02-02 17:37:04,892 - discord.webhook.async_ - WARNING - Webhook ID 1468057666512486484 is rate limited. Retrying in 0.30 seconds.
2026-02-02 17:37:05,299 - discord.webhook.async_ - WARNING - Webhook ID 1468057666512486484 is rate limited. Retrying in 0.30 seconds.
2026-02-02 17:37:05,712 - discord.webhook.async_ - WARNING - Webhook ID 1468057666512486484 is rate limited. Retrying in 0.30 seconds.
2026-02-02 17:37:06,141 - discord.app_commands.tree - ERROR - Ignoring exception in command 'setup_dev_panel'
Traceback (most recent call last):
  File "C:\Users\AbuBa\AppData\Local\Packages\PythonSoftwareFoundation.Python.3.10_qbz5n2kfra8p0\LocalCache\local-packages\Python310\site-packages\discord\app_commands\commands.py", line 858, in _do_call
    return await self._callback(self.binding, interaction, **params)  # type: ignore
  File "C:\Users\AbuBa\Downloads\discordpy-v2-bot-template-main\discordpy-v2-bot-template-main\cogs\menu_system.py", line 2165, in setup_dev_panel
    await interaction.response.defer(ephemeral=False)
  File "C:\Users\AbuBa\AppData\Local\Packages\PythonSoftwareFoundation.Python.3.10_qbz5n2kfra8p0\LocalCache\local-packages\Python310\site-packages\discord\interactions.py", line 858, in defer
    response = await adapter.create_interaction_response(
  File "C:\Users\AbuBa\AppData\Local\Packages\PythonSoftwareFoundation.Python.3.10_qbz5n2kfra8p0\LocalCache\local-packages\Python310\site-packages\discord\webhook\async_.py", line 226, in request
    raise HTTPException(response, data)
discord.errors.HTTPException: 400 Bad Request (error code: 40060): Interaction has already been acknowledged.

The above exception was the direct cause of the following exception:

Traceback (most recent call last):
  File "C:\Users\AbuBa\AppData\Local\Packages\PythonSoftwareFoundation.Python.3.10_qbz5n2kfra8p0\LocalCache\local-packages\Python310\site-packages\discord\app_commands\tree.py", line 1297, in _call
    await command._invoke_with_namespace(interaction, namespace)
  File "C:\Users\AbuBa\AppData\Local\Packages\PythonSoftwareFoundation.Python.3.10_qbz5n2kfra8p0\LocalCache\local-packages\Python310\site-packages\discord\app_commands\commands.py", line 884, in _invoke_with_namespace
    return await self._do_call(interaction, transformed_values)
  File "C:\Users\AbuBa\AppData\Local\Packages\PythonSoftwareFoundation.Python.3.10_qbz5n2kfra8p0\LocalCache\local-packages\Python310\site-packages\discord\app_commands\commands.py", line 877, in _do_call
    raise CommandInvokeError(self, e) from e
discord.app_commands.errors.CommandInvokeError: Command 'setup_dev_panel' raised an exception: HTTPException: 400 Bad Request (error code: 40060): Interaction has already been acknowledged.
2026-02-02 17:50:39,749 - services.backup_service - ERROR - pg_dump not found. Install PostgreSQL client tools.
2026-02-02 18:00:29,929 - discord.webhook.async_ - WARNING - Webhook ID 1468063554132250689 is rate limited. Retrying in 0.30 seconds.
2026-02-02 18:00:30,360 - discord.ui.view - ERROR - Ignoring exception in view <DevPanelView timeout=None children=13> for item <Button style=<ButtonStyle.primary: 1> url=None disabled=False label='üì¶ Create Community Pack' emoji=None row=0 sku_id=None id=None>
Traceback (most recent call last):
  File "C:\Users\AbuBa\Downloads\discordpy-v2-bot-template-main\discordpy-v2-bot-template-main\cogs\menu_system.py", line 567, in create_community_button
    await interaction.response.send_modal(modal)
  File "C:\Users\AbuBa\AppData\Local\Packages\PythonSoftwareFoundation.Python.3.10_qbz5n2kfra8p0\LocalCache\local-packages\Python310\site-packages\discord\interactions.py", line 1273, in send_modal
    response = await adapter.create_interaction_response(
  File "C:\Users\AbuBa\AppData\Local\Packages\PythonSoftwareFoundation.Python.3.10_qbz5n2kfra8p0\LocalCache\local-packages\Python310\site-packages\discord\webhook\async_.py", line 226, in request
    raise HTTPException(response, data)
discord.errors.HTTPException: 400 Bad Request (error code: 40060): Interaction has already been acknowledged.

During handling of the above exception, another exception occurred:

Traceback (most recent call last):
  File "C:\Users\AbuBa\AppData\Local\Packages\PythonSoftwareFoundation.Python.3.10_qbz5n2kfra8p0\LocalCache\local-packages\Python310\site-packages\discord\ui\view.py", line 553, in _scheduled_task
    await item.callback(interaction)
  File "C:\Users\AbuBa\Downloads\discordpy-v2-bot-template-main\discordpy-v2-bot-template-main\cogs\menu_system.py", line 572, in create_community_button
    traceback.print_exc()
  File "C:\Program Files\WindowsApps\PythonSoftwareFoundation.Python.3.10_3.10.3056.0_x64__qbz5n2kfra8p0\lib\traceback.py", line 179, in print_exc
    print_exception(*sys.exc_info(), limit=limit, file=file, chain=chain)
  File "C:\Program Files\WindowsApps\PythonSoftwareFoundation.Python.3.10_3.10.3056.0_x64__qbz5n2kfra8p0\lib\traceback.py", line 121, in print_exception
    print(line, file=file, end="")
OSError: [Errno 22] Invalid argument
2026-02-02 18:01:25,079 - discord.ui.view - ERROR - Ignoring exception in view <DevPanelView timeout=None children=13> for item <Button style=<ButtonStyle.success: 3> url=None disabled=False label='üíé Create Gold Pack' emoji=None row=0 sku_id=None id=None>
Traceback (most recent call last):
  File "C:\Users\AbuBa\Downloads\discordpy-v2-bot-template-main\discordpy-v2-bot-template-main\cogs\menu_system.py", line 590, in create_gold_button
    await interaction.response.send_modal(modal)
  File "C:\Users\AbuBa\AppData\Local\Packages\PythonSoftwareFoundation.Python.3.10_qbz5n2kfra8p0\LocalCache\local-packages\Python310\site-packages\discord\interactions.py", line 1273, in send_modal
    response = await adapter.create_interaction_response(
  File "C:\Users\AbuBa\AppData\Local\Packages\PythonSoftwareFoundation.Python.3.10_qbz5n2kfra8p0\LocalCache\local-packages\Python310\site-packages\discord\webhook\async_.py", line 226, in request
    raise HTTPException(response, data)
discord.errors.HTTPException: 400 Bad Request (error code: 40060): Interaction has already been acknowledged.

During handling of the above exception, another exception occurred:

Traceback (most recent call last):
  File "C:\Users\AbuBa\AppData\Local\Packages\PythonSoftwareFoundation.Python.3.10_qbz5n2kfra8p0\LocalCache\local-packages\Python310\site-packages\discord\ui\view.py", line 553, in _scheduled_task
    await item.callback(interaction)
  File "C:\Users\AbuBa\Downloads\discordpy-v2-bot-template-main\discordpy-v2-bot-template-main\cogs\menu_system.py", line 595, in create_gold_button
    traceback.print_exc()
  File "C:\Program Files\WindowsApps\PythonSoftwareFoundation.Python.3.10_3.10.3056.0_x64__qbz5n2kfra8p0\lib\traceback.py", line 179, in print_exc
    print_exception(*sys.exc_info(), limit=limit, file=file, chain=chain)
  File "C:\Program Files\WindowsApps\PythonSoftwareFoundation.Python.3.10_3.10.3056.0_x64__qbz5n2kfra8p0\lib\traceback.py", line 121, in print_exception
    print(line, file=file, end="")
OSError: [Errno 22] Invalid argument
2026-02-02 18:05:25,676 - discord.webhook.async_ - WARNING - Webhook ID 1468064800276873226 is rate limited. Retrying in 0.30 seconds.
2026-02-02 18:05:26,102 - discord.app_commands.tree - ERROR - Ignoring exception in command 'packs'
Traceback (most recent call last):
  File "C:\Users\AbuBa\AppData\Local\Packages\PythonSoftwareFoundation.Python.3.10_qbz5n2kfra8p0\LocalCache\local-packages\Python310\site-packages\discord\app_commands\commands.py", line 858, in _do_call
    return await self._callback(self.binding, interaction, **params)  # type: ignore
  File "C:\Users\AbuBa\Downloads\discordpy-v2-bot-template-main\discordpy-v2-bot-template-main\cogs\card_game.py", line 1000, in browse_packs
    await interaction.response.send_message(embed=embed)
  File "C:\Users\AbuBa\AppData\Local\Packages\PythonSoftwareFoundation.Python.3.10_qbz5n2kfra8p0\LocalCache\local-packages\Python310\site-packages\discord\interactions.py", line 1051, in send_message
    response = await adapter.create_interaction_response(
  File "C:\Users\AbuBa\AppData\Local\Packages\PythonSoftwareFoundation.Python.3.10_qbz5n2kfra8p0\LocalCache\local-packages\Python310\site-packages\discord\webhook\async_.py", line 226, in request
    raise HTTPException(response, data)
discord.errors.HTTPException: 400 Bad Request (error code: 40060): Interaction has already been acknowledged.

The above exception was the direct cause of the following exception:

Traceback (most recent call last):
  File "C:\Users\AbuBa\AppData\Local\Packages\PythonSoftwareFoundation.Python.3.10_qbz5n2kfra8p0\LocalCache\local-packages\Python310\site-packages\discord\app_commands\tree.py", line 1297, in _call
    await command._invoke_with_namespace(interaction, namespace)
  File "C:\Users\AbuBa\AppData\Local\Packages\PythonSoftwareFoundation.Python.3.10_qbz5n2kfra8p0\LocalCache\local-packages\Python310\site-packages\discord\app_commands\commands.py", line 884, in _invoke_with_namespace
    return await self._do_call(interaction, transformed_values)
  File "C:\Users\AbuBa\AppData\Local\Packages\PythonSoftwareFoundation.Python.3.10_qbz5n2kfra8p0\LocalCache\local-packages\Python310\site-packages\discord\app_commands\commands.py", line 877, in _do_call
    raise CommandInvokeError(self, e) from e
discord.app_commands.errors.CommandInvokeError: Command 'packs' raised an exception: HTTPException: 400 Bad Request (error code: 40060): Interaction has already been acknowledged.
2026-02-02 18:06:49,204 - discord.webhook.async_ - WARNING - Webhook ID 1468065152338493490 is rate limited. Retrying in 0.30 seconds.
2026-02-02 18:06:49,605 - discord.webhook.async_ - WARNING - Webhook ID 1468065152338493490 is rate limited. Retrying in 0.30 seconds.
2026-02-02 18:06:50,015 - discord.webhook.async_ - WARNING - Webhook ID 1468065152338493490 is rate limited. Retrying in 0.30 seconds.
2026-02-02 18:06:50,533 - discord.webhook.async_ - WARNING - Webhook ID 1462769520660709408 is rate limited. Retrying in 0.30 seconds.
2026-02-02 18:07:56,381 - discord.webhook.async_ - WARNING - Webhook ID 1468065434438733916 is rate limited. Retrying in 0.30 seconds.
2026-02-02 18:07:56,795 - discord.webhook.async_ - WARNING - Webhook ID 1468065434438733916 is rate limited. Retrying in 0.30 seconds.
2026-02-02 18:07:57,200 - discord.webhook.async_ - WARNING - Webhook ID 1468065434438733916 is rate limited. Retrying in 0.30 seconds.
2026-02-02 18:07:57,607 - discord.app_commands.tree - ERROR - Ignoring exception in command 'setup_dev_panel'
Traceback (most recent call last):
  File "C:\Users\AbuBa\AppData\Local\Packages\PythonSoftwareFoundation.Python.3.10_qbz5n2kfra8p0\LocalCache\local-packages\Python310\site-packages\discord\app_commands\commands.py", line 858, in _do_call
    return await self._callback(self.binding, interaction, **params)  # type: ignore
  File "C:\Users\AbuBa\Downloads\discordpy-v2-bot-template-main\discordpy-v2-bot-template-main\cogs\menu_system.py", line 2165, in setup_dev_panel
    "‚ùå This command is only available in the development server.",
  File "C:\Users\AbuBa\AppData\Local\Packages\PythonSoftwareFoundation.Python.3.10_qbz5n2kfra8p0\LocalCache\local-packages\Python310\site-packages\discord\interactions.py", line 858, in defer
    response = await adapter.create_interaction_response(
  File "C:\Users\AbuBa\AppData\Local\Packages\PythonSoftwareFoundation.Python.3.10_qbz5n2kfra8p0\LocalCache\local-packages\Python310\site-packages\discord\webhook\async_.py", line 226, in request
    raise HTTPException(response, data)
discord.errors.HTTPException: 400 Bad Request (error code: 40060): Interaction has already been acknowledged.

The above exception was the direct cause of the following exception:

Traceback (most recent call last):
  File "C:\Users\AbuBa\AppData\Local\Packages\PythonSoftwareFoundation.Python.3.10_qbz5n2kfra8p0\LocalCache\local-packages\Python310\site-packages\discord\app_commands\tree.py", line 1297, in _call
    await command._invoke_with_namespace(interaction, namespace)
  File "C:\Users\AbuBa\AppData\Local\Packages\PythonSoftwareFoundation.Python.3.10_qbz5n2kfra8p0\LocalCache\local-packages\Python310\site-packages\discord\app_commands\commands.py", line 884, in _invoke_with_namespace
    return await self._do_call(interaction, transformed_values)
  File "C:\Users\AbuBa\AppData\Local\Packages\PythonSoftwareFoundation.Python.3.10_qbz5n2kfra8p0\LocalCache\local-packages\Python310\site-packages\discord\app_commands\commands.py", line 877, in _do_call
    raise CommandInvokeError(self, e) from e
discord.app_commands.errors.CommandInvokeError: Command 'setup_dev_panel' raised an exception: HTTPException: 400 Bad Request (error code: 40060): Interaction has already been acknowledged.
2026-02-02 18:07:59,186 - discord.webhook.async_ - WARNING - Webhook ID 1468065446988222771 is rate limited. Retrying in 0.30 seconds.
2026-02-02 18:07:59,603 - discord.webhook.async_ - WARNING - Webhook ID 1468065446988222771 is rate limited. Retrying in 0.30 seconds.
2026-02-02 18:08:00,026 - discord.webhook.async_ - WARNING - Webhook ID 1468065446988222771 is rate limited. Retrying in 0.30 seconds.
2026-02-02 18:08:00,426 - discord.webhook.async_ - WARNING - Webhook ID 1468065446988222771 is rate limited. Retrying in 0.30 seconds.
2026-02-02 18:08:00,857 - discord.ui.view - ERROR - Ignoring exception in view <DevPanelView timeout=None children=13> for item <Button style=<ButtonStyle.primary: 1> url=None disabled=False label='üì¶ Create Community Pack' emoji=None row=0 sku_id=None id=None>
Traceback (most recent call last):
  File "C:\Users\AbuBa\Downloads\discordpy-v2-bot-template-main\discordpy-v2-bot-template-main\cogs\menu_system.py", line 567, in create_community_button
    await interaction.response.send_modal(modal)
  File "C:\Users\AbuBa\AppData\Local\Packages\PythonSoftwareFoundation.Python.3.10_qbz5n2kfra8p0\LocalCache\local-packages\Python310\site-packages\discord\interactions.py", line 1273, in send_modal
    response = await adapter.create_interaction_response(
  File "C:\Users\AbuBa\AppData\Local\Packages\PythonSoftwareFoundation.Python.3.10_qbz5n2kfra8p0\LocalCache\local-packages\Python310\site-packages\discord\webhook\async_.py", line 226, in request
    raise HTTPException(response, data)
discord.errors.HTTPException: 400 Bad Request (error code: 40060): Interaction has already been acknowledged.

During handling of the above exception, another exception occurred:

Traceback (most recent call last):
  File "C:\Users\AbuBa\AppData\Local\Packages\PythonSoftwareFoundation.Python.3.10_qbz5n2kfra8p0\LocalCache\local-packages\Python310\site-packages\discord\ui\view.py", line 553, in _scheduled_task
    await item.callback(interaction)
  File "C:\Users\AbuBa\Downloads\discordpy-v2-bot-template-main\discordpy-v2-bot-template-main\cogs\menu_system.py", line 572, in create_community_button
    traceback.print_exc()
  File "C:\Program Files\WindowsApps\PythonSoftwareFoundation.Python.3.10_3.10.3056.0_x64__qbz5n2kfra8p0\lib\traceback.py", line 179, in print_exc
    print_exception(*sys.exc_info(), limit=limit, file=file, chain=chain)
  File "C:\Program Files\WindowsApps\PythonSoftwareFoundation.Python.3.10_3.10.3056.0_x64__qbz5n2kfra8p0\lib\traceback.py", line 121, in print_exception
    print(line, file=file, end="")
OSError: [Errno 22] Invalid argument
2026-02-02 18:10:39,995 - services.backup_service - ERROR - pg_dump not found. Install PostgreSQL client tools.
2026-02-02 18:15:06,810 - discord.webhook.async_ - WARNING - Webhook ID 1468067239960772709 is rate limited. Retrying in 0.30 seconds.
2026-02-02 18:15:07,232 - discord.ui.view - ERROR - Ignoring exception in view <DevPanelView timeout=None children=13> for item <Button style=<ButtonStyle.success: 3> url=None disabled=False label='üíé Create Gold Pack' emoji=None row=0 sku_id=None id=None>
Traceback (most recent call last):
  File "C:\Users\AbuBa\Downloads\discordpy-v2-bot-template-main\discordpy-v2-bot-template-main\cogs\menu_system.py", line 590, in create_gold_button
    await interaction.response.send_modal(modal)
  File "C:\Users\AbuBa\AppData\Local\Packages\PythonSoftwareFoundation.Python.3.10_qbz5n2kfra8p0\LocalCache\local-packages\Python310\site-packages\discord\interactions.py", line 1273, in send_modal
    response = await adapter.create_interaction_response(
  File "C:\Users\AbuBa\AppData\Local\Packages\PythonSoftwareFoundation.Python.3.10_qbz5n2kfra8p0\LocalCache\local-packages\Python310\site-packages\discord\webhook\async_.py", line 226, in request
    raise HTTPException(response, data)
discord.errors.HTTPException: 400 Bad Request (error code: 40060): Interaction has already been acknowledged.

During handling of the above exception, another exception occurred:

Traceback (most recent call last):
  File "C:\Users\AbuBa\AppData\Local\Packages\PythonSoftwareFoundation.Python.3.10_qbz5n2kfra8p0\LocalCache\local-packages\Python310\site-packages\discord\ui\view.py", line 553, in _scheduled_task
    await item.callback(interaction)
  File "C:\Users\AbuBa\Downloads\discordpy-v2-bot-template-main\discordpy-v2-bot-template-main\cogs\menu_system.py", line 595, in create_gold_button
    traceback.print_exc()
  File "C:\Program Files\WindowsApps\PythonSoftwareFoundation.Python.3.10_3.10.3056.0_x64__qbz5n2kfra8p0\lib\traceback.py", line 179, in print_exc
    print_exception(*sys.exc_info(), limit=limit, file=file, chain=chain)
  File "C:\Program Files\WindowsApps\PythonSoftwareFoundation.Python.3.10_3.10.3056.0_x64__qbz5n2kfra8p0\lib\traceback.py", line 121, in print_exception
    print(line, file=file, end="")
OSError: [Errno 22] Invalid argument
2026-02-02 18:15:51,603 - discord.webhook.async_ - WARNING - Webhook ID 1468067428419244275 is rate limited. Retrying in 0.30 seconds.
2026-02-02 18:15:52,017 - discord.webhook.async_ - WARNING - Webhook ID 1468067428419244275 is rate limited. Retrying in 0.30 seconds.
2026-02-02 18:15:52,424 - discord.webhook.async_ - WARNING - Webhook ID 1468067428419244275 is rate limited. Retrying in 0.30 seconds.
2026-02-02 18:15:52,836 - discord.ui.view - ERROR - Ignoring exception in view <DevPanelView timeout=None children=13> for item <Button style=<ButtonStyle.primary: 1> url=None disabled=False label='üì¶ Create Community Pack' emoji=None row=0 sku_id=None id=None>
Traceback (most recent call last):
  File "C:\Users\AbuBa\Downloads\discordpy-v2-bot-template-main\discordpy-v2-bot-template-main\cogs\menu_system.py", line 567, in create_community_button
    await interaction.response.send_modal(modal)
  File "C:\Users\AbuBa\AppData\Local\Packages\PythonSoftwareFoundation.Python.3.10_qbz5n2kfra8p0\LocalCache\local-packages\Python310\site-packages\discord\interactions.py", line 1273, in send_modal
    response = await adapter.create_interaction_response(
  File "C:\Users\AbuBa\AppData\Local\Packages\PythonSoftwareFoundation.Python.3.10_qbz5n2kfra8p0\LocalCache\local-packages\Python310\site-packages\discord\webhook\async_.py", line 226, in request
    raise HTTPException(response, data)
discord.errors.HTTPException: 400 Bad Request (error code: 40060): Interaction has already been acknowledged.

During handling of the above exception, another exception occurred:

Traceback (most recent call last):
  File "C:\Users\AbuBa\AppData\Local\Packages\PythonSoftwareFoundation.Python.3.10_qbz5n2kfra8p0\LocalCache\local-packages\Python310\site-packages\discord\ui\view.py", line 553, in _scheduled_task
    await item.callback(interaction)
  File "C:\Users\AbuBa\Downloads\discordpy-v2-bot-template-main\discordpy-v2-bot-template-main\cogs\menu_system.py", line 572, in create_community_button
    traceback.print_exc()
  File "C:\Program Files\WindowsApps\PythonSoftwareFoundation.Python.3.10_3.10.3056.0_x64__qbz5n2kfra8p0\lib\traceback.py", line 179, in print_exc
    print_exception(*sys.exc_info(), limit=limit, file=file, chain=chain)
  File "C:\Program Files\WindowsApps\PythonSoftwareFoundation.Python.3.10_3.10.3056.0_x64__qbz5n2kfra8p0\lib\traceback.py", line 121, in print_exception
    print(line, file=file, end="")
OSError: [Errno 22] Invalid argument
2026-02-02 18:18:44,325 - discord.webhook.async_ - WARNING - Webhook ID 1468068152217829416 is rate limited. Retrying in 0.30 seconds.
2026-02-02 18:18:44,736 - discord.webhook.async_ - WARNING - Webhook ID 1468068152217829416 is rate limited. Retrying in 0.30 seconds.
2026-02-02 18:18:45,148 - discord.app_commands.tree - ERROR - Ignoring exception in command 'open_pack'
Traceback (most recent call last):
  File "C:\Users\AbuBa\AppData\Local\Packages\PythonSoftwareFoundation.Python.3.10_qbz5n2kfra8p0\LocalCache\local-packages\Python310\site-packages\discord\app_commands\commands.py", line 858, in _do_call
    return await self._callback(self.binding, interaction, **params)  # type: ignore
  File "C:\Users\AbuBa\Downloads\discordpy-v2-bot-template-main\discordpy-v2-bot-template-main\cogs\card_game.py", line 431, in open_pack
    await interaction.response.defer(ephemeral=False)
  File "C:\Users\AbuBa\AppData\Local\Packages\PythonSoftwareFoundation.Python.3.10_qbz5n2kfra8p0\LocalCache\local-packages\Python310\site-packages\discord\interactions.py", line 858, in defer
    response = await adapter.create_interaction_response(
  File "C:\Users\AbuBa\AppData\Local\Packages\PythonSoftwareFoundation.Python.3.10_qbz5n2kfra8p0\LocalCache\local-packages\Python310\site-packages\discord\webhook\async_.py", line 226, in request
    raise HTTPException(response, data)
discord.errors.HTTPException: 400 Bad Request (error code: 40060): Interaction has already been acknowledged.

The above exception was the direct cause of the following exception:

Traceback (most recent call last):
  File "C:\Users\AbuBa\AppData\Local\Packages\PythonSoftwareFoundation.Python.3.10_qbz5n2kfra8p0\LocalCache\local-packages\Python310\site-packages\discord\app_commands\tree.py", line 1297, in _call
    await command._invoke_with_namespace(interaction, namespace)
  File "C:\Users\AbuBa\AppData\Local\Packages\PythonSoftwareFoundation.Python.3.10_qbz5n2kfra8p0\LocalCache\local-packages\Python310\site-packages\discord\app_commands\commands.py", line 884, in _invoke_with_namespace
    return await self._do_call(interaction, transformed_values)
  File "C:\Users\AbuBa\AppData\Local\Packages\PythonSoftwareFoundation.Python.3.10_qbz5n2kfra8p0\LocalCache\local-packages\Python310\site-packages\discord\app_commands\commands.py", line 877, in _do_call
    raise CommandInvokeError(self, e) from e
discord.app_commands.errors.CommandInvokeError: Command 'open_pack' raised an exception: HTTPException: 400 Bad Request (error code: 40060): Interaction has already been acknowledged.
2026-02-02 18:21:00,500 - __main__ - INFO - Starting Music Legends Bot...
2026-02-02 18:21:01,630 - discord.client - WARNING - PyNaCl is not installed, voice will NOT be supported
2026-02-02 18:21:01,634 - discord.client - INFO - logging in using static token
2026-02-02 18:21:03,288 - services.backup_service - INFO - üóÑÔ∏è PostgreSQL detected - using pg_dump for backups
2026-02-02 18:21:04,478 - discord.gateway - INFO - Shard ID None has connected to Gateway (Session ID: c14f9654bed87b2efb1d5664651b22dc).
2026-02-02 18:22:02,641 - discord.webhook.async_ - WARNING - Webhook ID 1468068980890665156 is rate limited. Retrying in 0.30 seconds.
2026-02-02 18:22:03,113 - discord.app_commands.tree - ERROR - Ignoring exception in command 'setup_dev_panel'
Traceback (most recent call last):
  File "C:\Users\AbuBa\AppData\Local\Packages\PythonSoftwareFoundation.Python.3.10_qbz5n2kfra8p0\LocalCache\local-packages\Python310\site-packages\discord\app_commands\commands.py", line 858, in _do_call
    return await self._callback(self.binding, interaction, **params)  # type: ignore
  File "C:\Users\AbuBa\Downloads\discordpy-v2-bot-template-main\discordpy-v2-bot-template-main\cogs\menu_system.py", line 2165, in setup_dev_panel
    "‚ùå This command is only available in the development server.",
  File "C:\Users\AbuBa\AppData\Local\Packages\PythonSoftwareFoundation.Python.3.10_qbz5n2kfra8p0\LocalCache\local-packages\Python310\site-packages\discord\interactions.py", line 858, in defer
    response = await adapter.create_interaction_response(
  File "C:\Users\AbuBa\AppData\Local\Packages\PythonSoftwareFoundation.Python.3.10_qbz5n2kfra8p0\LocalCache\local-packages\Python310\site-packages\discord\webhook\async_.py", line 226, in request
    raise HTTPException(response, data)
discord.errors.HTTPException: 400 Bad Request (error code: 40060): Interaction has already been acknowledged.

The above exception was the direct cause of the following exception:

Traceback (most recent call last):
  File "C:\Users\AbuBa\AppData\Local\Packages\PythonSoftwareFoundation.Python.3.10_qbz5n2kfra8p0\LocalCache\local-packages\Python310\site-packages\discord\app_commands\tree.py", line 1297, in _call
    await command._invoke_with_namespace(interaction, namespace)
  File "C:\Users\AbuBa\AppData\Local\Packages\PythonSoftwareFoundation.Python.3.10_qbz5n2kfra8p0\LocalCache\local-packages\Python310\site-packages\discord\app_commands\commands.py", line 884, in _invoke_with_namespace
    return await self._do_call(interaction, transformed_values)
  File "C:\Users\AbuBa\AppData\Local\Packages\PythonSoftwareFoundation.Python.3.10_qbz5n2kfra8p0\LocalCache\local-packages\Python310\site-packages\discord\app_commands\commands.py", line 877, in _do_call
    raise CommandInvokeError(self, e) from e
discord.app_commands.errors.CommandInvokeError: Command 'setup_dev_panel' raised an exception: HTTPException: 400 Bad Request (error code: 40060): Interaction has already been acknowledged.
2026-02-02 18:22:02,836 - discord.app_commands.tree - ERROR - Ignoring exception in command 'setup_dev_panel'
Traceback (most recent call last):
  File "C:\Users\AbuBa\AppData\Local\Packages\PythonSoftwareFoundation.Python.3.10_qbz5n2kfra8p0\LocalCache\local-packages\Python310\site-packages\discord\app_commands\commands.py", line 858, in _do_call
    return await self._callback(self.binding, interaction, **params)  # type: ignore
  File "C:\Users\AbuBa\Downloads\discordpy-v2-bot-template-main\discordpy-v2-bot-template-main\cogs\menu_system.py", line 2171, in setup_dev_panel
    await interaction.response.defer(ephemeral=False)
  File "C:\Users\AbuBa\AppData\Local\Packages\PythonSoftwareFoundation.Python.3.10_qbz5n2kfra8p0\LocalCache\local-packages\Python310\site-packages\discord\interactions.py", line 858, in defer
    response = await adapter.create_interaction_response(
  File "C:\Users\AbuBa\AppData\Local\Packages\PythonSoftwareFoundation.Python.3.10_qbz5n2kfra8p0\LocalCache\local-packages\Python310\site-packages\discord\webhook\async_.py", line 226, in request
    raise HTTPException(response, data)
discord.errors.HTTPException: 400 Bad Request (error code: 40060): Interaction has already been acknowledged.

The above exception was the direct cause of the following exception:

Traceback (most recent call last):
  File "C:\Users\AbuBa\AppData\Local\Packages\PythonSoftwareFoundation.Python.3.10_qbz5n2kfra8p0\LocalCache\local-packages\Python310\site-packages\discord\app_commands\tree.py", line 1297, in _call
    await command._invoke_with_namespace(interaction, namespace)
  File "C:\Users\AbuBa\AppData\Local\Packages\PythonSoftwareFoundation.Python.3.10_qbz5n2kfra8p0\LocalCache\local-packages\Python310\site-packages\discord\app_commands\commands.py", line 884, in _invoke_with_namespace
    return await self._do_call(interaction, transformed_values)
  File "C:\Users\AbuBa\AppData\Local\Packages\PythonSoftwareFoundation.Python.3.10_qbz5n2kfra8p0\LocalCache\local-packages\Python310\site-packages\discord\app_commands\commands.py", line 877, in _do_call
    raise CommandInvokeError(self, e) from e
discord.app_commands.errors.CommandInvokeError: Command 'setup_dev_panel' raised an exception: HTTPException: 400 Bad Request (error code: 40060): Interaction has already been acknowledged.
2026-02-02 18:22:05,906 - discord.ui.view - ERROR - Ignoring exception in view <DevPanelView timeout=None children=13> for item <Button style=<ButtonStyle.primary: 1> url=None disabled=False label='üì¶ Create Community Pack' emoji=None row=0 sku_id=None id=None>
Traceback (most recent call last):
  File "C:\Users\AbuBa\Downloads\discordpy-v2-bot-template-main\discordpy-v2-bot-template-main\cogs\menu_system.py", line 567, in create_community_button
    await interaction.response.send_modal(modal)
  File "C:\Users\AbuBa\AppData\Local\Packages\PythonSoftwareFoundation.Python.3.10_qbz5n2kfra8p0\LocalCache\local-packages\Python310\site-packages\discord\interactions.py", line 1273, in send_modal
    response = await adapter.create_interaction_response(
  File "C:\Users\AbuBa\AppData\Local\Packages\PythonSoftwareFoundation.Python.3.10_qbz5n2kfra8p0\LocalCache\local-packages\Python310\site-packages\discord\webhook\async_.py", line 226, in request
    raise HTTPException(response, data)
discord.errors.HTTPException: 400 Bad Request (error code: 40060): Interaction has already been acknowledged.

During handling of the above exception, another exception occurred:

Traceback (most recent call last):
  File "C:\Users\AbuBa\AppData\Local\Packages\PythonSoftwareFoundation.Python.3.10_qbz5n2kfra8p0\LocalCache\local-packages\Python310\site-packages\discord\ui\view.py", line 553, in _scheduled_task
    await item.callback(interaction)
  File "C:\Users\AbuBa\Downloads\discordpy-v2-bot-template-main\discordpy-v2-bot-template-main\cogs\menu_system.py", line 572, in create_community_button
    traceback.print_exc()
  File "C:\Program Files\WindowsApps\PythonSoftwareFoundation.Python.3.10_3.10.3056.0_x64__qbz5n2kfra8p0\lib\traceback.py", line 179, in print_exc
    print_exception(*sys.exc_info(), limit=limit, file=file, chain=chain)
  File "C:\Program Files\WindowsApps\PythonSoftwareFoundation.Python.3.10_3.10.3056.0_x64__qbz5n2kfra8p0\lib\traceback.py", line 121, in print_exception
    print(line, file=file, end="")
OSError: [Errno 22] Invalid argument
2026-02-02 18:22:06,011 - discord.webhook.async_ - WARNING - Webhook ID 1468068996107735240 is rate limited. Retrying in 0.30 seconds.
2026-02-02 18:24:02,363 - discord.webhook.async_ - WARNING - Webhook ID 1468069476485562440 is rate limited. Retrying in 0.30 seconds.
2026-02-02 18:24:02,292 - discord.app_commands.tree - ERROR - Ignoring exception in command 'setup_dev_panel'
Traceback (most recent call last):
  File "C:\Users\AbuBa\AppData\Local\Packages\PythonSoftwareFoundation.Python.3.10_qbz5n2kfra8p0\LocalCache\local-packages\Python310\site-packages\discord\app_commands\commands.py", line 858, in _do_call
    return await self._callback(self.binding, interaction, **params)  # type: ignore
  File "C:\Users\AbuBa\Downloads\discordpy-v2-bot-template-main\discordpy-v2-bot-template-main\cogs\menu_system.py", line 2165, in setup_dev_panel
    test_server_id = os.getenv('TEST_SERVER_ID')
  File "C:\Users\AbuBa\AppData\Local\Packages\PythonSoftwareFoundation.Python.3.10_qbz5n2kfra8p0\LocalCache\local-packages\Python310\site-packages\discord\interactions.py", line 858, in defer
    response = await adapter.create_interaction_response(
  File "C:\Users\AbuBa\AppData\Local\Packages\PythonSoftwareFoundation.Python.3.10_qbz5n2kfra8p0\LocalCache\local-packages\Python310\site-packages\discord\webhook\async_.py", line 226, in request
    raise HTTPException(response, data)
discord.errors.HTTPException: 400 Bad Request (error code: 40060): Interaction has already been acknowledged.

The above exception was the direct cause of the following exception:

Traceback (most recent call last):
  File "C:\Users\AbuBa\AppData\Local\Packages\PythonSoftwareFoundation.Python.3.10_qbz5n2kfra8p0\LocalCache\local-packages\Python310\site-packages\discord\app_commands\tree.py", line 1297, in _call
    await command._invoke_with_namespace(interaction, namespace)
  File "C:\Users\AbuBa\AppData\Local\Packages\PythonSoftwareFoundation.Python.3.10_qbz5n2kfra8p0\LocalCache\local-packages\Python310\site-packages\discord\app_commands\commands.py", line 884, in _invoke_with_namespace
    return await self._do_call(interaction, transformed_values)
  File "C:\Users\AbuBa\AppData\Local\Packages\PythonSoftwareFoundation.Python.3.10_qbz5n2kfra8p0\LocalCache\local-packages\Python310\site-packages\discord\app_commands\commands.py", line 877, in _do_call
    raise CommandInvokeError(self, e) from e
discord.app_commands.errors.CommandInvokeError: Command 'setup_dev_panel' raised an exception: HTTPException: 400 Bad Request (error code: 40060): Interaction has already been acknowledged.
2026-02-02 18:24:02,800 - discord.webhook.async_ - WARNING - Webhook ID 1468069476485562440 is rate limited. Retrying in 0.30 seconds.
2026-02-02 18:24:03,204 - discord.webhook.async_ - WARNING - Webhook ID 1468069476485562440 is rate limited. Retrying in 0.30 seconds.
2026-02-02 18:24:03,614 - discord.app_commands.tree - ERROR - Ignoring exception in command 'setup_dev_panel'
Traceback (most recent call last):
  File "C:\Users\AbuBa\AppData\Local\Packages\PythonSoftwareFoundation.Python.3.10_qbz5n2kfra8p0\LocalCache\local-packages\Python310\site-packages\discord\app_commands\commands.py", line 858, in _do_call
    return await self._callback(self.binding, interaction, **params)  # type: ignore
  File "C:\Users\AbuBa\Downloads\discordpy-v2-bot-template-main\discordpy-v2-bot-template-main\cogs\menu_system.py", line 2171, in setup_dev_panel
    return
  File "C:\Users\AbuBa\AppData\Local\Packages\PythonSoftwareFoundation.Python.3.10_qbz5n2kfra8p0\LocalCache\local-packages\Python310\site-packages\discord\interactions.py", line 858, in defer
    response = await adapter.create_interaction_response(
  File "C:\Users\AbuBa\AppData\Local\Packages\PythonSoftwareFoundation.Python.3.10_qbz5n2kfra8p0\LocalCache\local-packages\Python310\site-packages\discord\webhook\async_.py", line 226, in request
    raise HTTPException(response, data)
discord.errors.HTTPException: 400 Bad Request (error code: 40060): Interaction has already been acknowledged.

The above exception was the direct cause of the following exception:

Traceback (most recent call last):
  File "C:\Users\AbuBa\AppData\Local\Packages\PythonSoftwareFoundation.Python.3.10_qbz5n2kfra8p0\LocalCache\local-packages\Python310\site-packages\discord\app_commands\tree.py", line 1297, in _call
    await command._invoke_with_namespace(interaction, namespace)
  File "C:\Users\AbuBa\AppData\Local\Packages\PythonSoftwareFoundation.Python.3.10_qbz5n2kfra8p0\LocalCache\local-packages\Python310\site-packages\discord\app_commands\commands.py", line 884, in _invoke_with_namespace
    return await self._do_call(interaction, transformed_values)
  File "C:\Users\AbuBa\AppData\Local\Packages\PythonSoftwareFoundation.Python.3.10_qbz5n2kfra8p0\LocalCache\local-packages\Python310\site-packages\discord\app_commands\commands.py", line 877, in _do_call
    raise CommandInvokeError(self, e) from e
discord.app_commands.errors.CommandInvokeError: Command 'setup_dev_panel' raised an exception: HTTPException: 400 Bad Request (error code: 40060): Interaction has already been acknowledged.
2026-02-02 18:24:05,343 - discord.webhook.async_ - WARNING - Webhook ID 1468069498816041118 is rate limited. Retrying in 0.30 seconds.
2026-02-02 18:24:05,456 - discord.webhook.async_ - WARNING - Webhook ID 1462769520660709408 is rate limited. Retrying in 0.30 seconds.
2026-02-02 18:24:05,765 - discord.ui.view - ERROR - Ignoring exception in view <DevPanelView timeout=None children=13> for item <Button style=<ButtonStyle.primary: 1> url=None disabled=False label='üì¶ Create Community Pack' emoji=None row=0 sku_id=None id=None>
Traceback (most recent call last):
  File "C:\Users\AbuBa\Downloads\discordpy-v2-bot-template-main\discordpy-v2-bot-template-main\cogs\menu_system.py", line 567, in create_community_button
    await interaction.response.send_modal(modal)
  File "C:\Users\AbuBa\AppData\Local\Packages\PythonSoftwareFoundation.Python.3.10_qbz5n2kfra8p0\LocalCache\local-packages\Python310\site-packages\discord\interactions.py", line 1273, in send_modal
    response = await adapter.create_interaction_response(
  File "C:\Users\AbuBa\AppData\Local\Packages\PythonSoftwareFoundation.Python.3.10_qbz5n2kfra8p0\LocalCache\local-packages\Python310\site-packages\discord\webhook\async_.py", line 226, in request
    raise HTTPException(response, data)
discord.errors.HTTPException: 400 Bad Request (error code: 40060): Interaction has already been acknowledged.

During handling of the above exception, another exception occurred:

Traceback (most recent call last):
  File "C:\Users\AbuBa\AppData\Local\Packages\PythonSoftwareFoundation.Python.3.10_qbz5n2kfra8p0\LocalCache\local-packages\Python310\site-packages\discord\ui\view.py", line 553, in _scheduled_task
    await item.callback(interaction)
  File "C:\Users\AbuBa\Downloads\discordpy-v2-bot-template-main\discordpy-v2-bot-template-main\cogs\menu_system.py", line 572, in create_community_button
    traceback.print_exc()
  File "C:\Program Files\WindowsApps\PythonSoftwareFoundation.Python.3.10_3.10.3056.0_x64__qbz5n2kfra8p0\lib\traceback.py", line 179, in print_exc
    print_exception(*sys.exc_info(), limit=limit, file=file, chain=chain)
  File "C:\Program Files\WindowsApps\PythonSoftwareFoundation.Python.3.10_3.10.3056.0_x64__qbz5n2kfra8p0\lib\traceback.py", line 121, in print_exception
    print(line, file=file, end="")
OSError: [Errno 22] Invalid argument
2026-02-02 18:24:05,884 - discord.webhook.async_ - WARNING - Webhook ID 1462769520660709408 is rate limited. Retrying in 0.30 seconds.
2026-02-02 18:24:06,311 - discord.webhook.async_ - WARNING - Webhook ID 1462769520660709408 is rate limited. Retrying in 0.30 seconds.
2026-02-02 18:24:06,712 - discord.webhook.async_ - WARNING - Webhook ID 1462769520660709408 is rate limited. Retrying in 0.30 seconds.
2026-02-02 18:24:07,110 - discord.webhook.async_ - WARNING - Webhook ID 1462769520660709408 is rate limited. Retrying in 0.30 seconds.
2026-02-02 18:26:04,253 - services.backup_service - ERROR - pg_dump not found. Install PostgreSQL client tools.
2026-02-02 18:30:40,121 - services.backup_service - ERROR - pg_dump not found. Install PostgreSQL client tools.
2026-02-02 18:34:07,506 - __main__ - INFO - Starting Music Legends Bot...
2026-02-02 18:34:08,875 - discord.client - WARNING - PyNaCl is not installed, voice will NOT be supported
2026-02-02 18:34:08,879 - discord.client - INFO - logging in using static token
2026-02-02 18:34:11,044 - services.backup_service - INFO - üóÑÔ∏è PostgreSQL detected - using pg_dump for backups
2026-02-02 18:34:12,826 - discord.gateway - INFO - Shard ID None has connected to Gateway (Session ID: 4fdf08cca8b95c053de3c2b07c7e005c).
2026-02-02 18:38:39,227 - __main__ - INFO - Starting Music Legends Bot...
2026-02-02 18:38:40,624 - discord.client - WARNING - PyNaCl is not installed, voice will NOT be supported
2026-02-02 18:38:40,649 - discord.client - INFO - logging in using static token
2026-02-02 18:38:43,491 - services.backup_service - INFO - üóÑÔ∏è PostgreSQL detected - using pg_dump for backups
2026-02-02 18:38:45,234 - discord.gateway - INFO - Shard ID None has connected to Gateway (Session ID: ece1b16316727d4c7cf57c2037f68f72).
2026-02-02 18:39:15,536 - services.backup_service - ERROR - pg_dump not found. Install PostgreSQL client tools.
2026-02-02 18:43:44,927 - services.backup_service - ERROR - pg_dump not found. Install PostgreSQL client tools.
2026-02-02 18:46:04,630 - services.backup_service - ERROR - pg_dump not found. Install PostgreSQL client tools.
2026-02-02 18:50:40,295 - services.backup_service - ERROR - pg_dump not found. Install PostgreSQL client tools.
